[debug] ----------------------------------------------------------------------
[debug] Command:      /usr/local/bin/node /usr/local/bin/firebase deploy
[debug] CLI Version:  3.0.7
[debug] Platform:     darwin
[debug] Node Version: v7.9.0
[debug] Time:         Wed May 17 2017 21:38:16 GMT-0500 (COT)
[debug] ----------------------------------------------------------------------
[debug] 
[debug] > command requires scopes: ["email","openid","https://www.googleapis.com/auth/cloudplatformprojects.readonly","https://www.googleapis.com/auth/firebase"]
[debug] >>> HTTP REQUEST GET https://admin.firebase.com/v1/projects/esteban-lopez 
[debug] <<< HTTP RESPONSE 200
[debug] >>> HTTP REQUEST GET https://admin.firebase.com/v1/database/esteban-lopez/tokens 
[debug] <<< HTTP RESPONSE 200
[info] 
[info] === Deploying to 'esteban-lopez'...
[info] 
[info] i  deploying database, hosting
[info] ✔  database: rules ready to deploy.
[info] i  hosting: preparing public directory for upload...
[debug] >>> HTTP REQUEST PUT https://deploy.firebase.com/v1/hosting/esteban-lopez/uploads/-KkOPt2bGYpzIalorPq1?fileCount=757&message= 
